INFO:root:.....Log.....
INFO:scrapy.crawler:Overridden settings:
{'BOT_NAME': 'cial_test',
 'DOWNLOAD_DELAY': 3,
 'NEWSPIDER_MODULE': 'cial_test.spiders',
 'SPIDER_MODULES': ['cial_test.spiders'],
 'USER_AGENT': 'Mozilla/5.0 (Macintosh; Intel Mac OS X 10_10_5) '
               'AppleWebKit/537.36 (KHTML, like Gecko) Chrome/55.0.2883.95 '
               'Safari/537.36'}
INFO:scrapy.extensions.telnet:Telnet Password: 44b6ce5238a01bf0
INFO:scrapy.middleware:Enabled extensions:
['scrapy.extensions.logstats.LogStats',
 'scrapy.extensions.corestats.CoreStats',
 'scrapy.extensions.telnet.TelnetConsole']
INFO:scrapy.middleware:Enabled downloader middlewares:
['scrapy.downloadermiddlewares.httpauth.HttpAuthMiddleware',
 'scrapy.downloadermiddlewares.downloadtimeout.DownloadTimeoutMiddleware',
 'scrapy.downloadermiddlewares.defaultheaders.DefaultHeadersMiddleware',
 'scrapy.downloadermiddlewares.useragent.UserAgentMiddleware',
 'scrapy.downloadermiddlewares.retry.RetryMiddleware',
 'scrapy.downloadermiddlewares.redirect.MetaRefreshMiddleware',
 'scrapy.downloadermiddlewares.httpcompression.HttpCompressionMiddleware',
 'scrapy.downloadermiddlewares.redirect.RedirectMiddleware',
 'scrapy.downloadermiddlewares.cookies.CookiesMiddleware',
 'scrapy.downloadermiddlewares.httpproxy.HttpProxyMiddleware',
 'scrapy.downloadermiddlewares.stats.DownloaderStats']
INFO:scrapy.middleware:Enabled spider middlewares:
['scrapy.spidermiddlewares.httperror.HttpErrorMiddleware',
 'scrapy.spidermiddlewares.offsite.OffsiteMiddleware',
 'scrapy.spidermiddlewares.referer.RefererMiddleware',
 'scrapy.spidermiddlewares.urllength.UrlLengthMiddleware',
 'scrapy.spidermiddlewares.depth.DepthMiddleware']
INFO:scrapy.middleware:Enabled item pipelines:
['cial_test.pipelines.CialTestPipeline']
INFO:scrapy.core.engine:Spider opened
INFO:scrapy.extensions.logstats:Crawled 0 pages (at 0 pages/min), scraped 0 items (at 0 items/min)
INFO:scrapy.extensions.telnet:Telnet console listening on 127.0.0.1:6023
DEBUG:scrapy.core.engine:Crawled (200) <GET https://www.powerlinx.com/contact> (referer: None)
DEBUG:scrapy.core.scraper:Scraped from <200 https://www.powerlinx.com/contact>
{'logo': 'https://www.powerlinx.com/wp-content/uploads/2016/12/plx-logo-nav-dark.png,https://www.powerlinx.com/wp-content/themes/powerlinx/images/web/logo-small.png',
 'phone': ['+12124659555'],
 'website': 'https://www.powerlinx.com/contact'}
INFO:scrapy.core.engine:Closing spider (finished)
INFO:scrapy.statscollectors:Dumping Scrapy stats:
{'downloader/request_bytes': 310,
 'downloader/request_count': 1,
 'downloader/request_method_count/GET': 1,
 'downloader/response_bytes': 12421,
 'downloader/response_count': 1,
 'downloader/response_status_count/200': 1,
 'elapsed_time_seconds': 0.666023,
 'finish_reason': 'finished',
 'finish_time': datetime.datetime(2020, 12, 11, 14, 44, 41, 316878),
 'item_scraped_count': 1,
 'log_count/DEBUG': 2,
 'log_count/INFO': 10,
 'response_received_count': 1,
 'scheduler/dequeued': 1,
 'scheduler/dequeued/memory': 1,
 'scheduler/enqueued': 1,
 'scheduler/enqueued/memory': 1,
 'start_time': datetime.datetime(2020, 12, 11, 14, 44, 40, 650855)}
INFO:scrapy.core.engine:Spider closed (finished)
INFO:scrapy.crawler:Overridden settings:
{'BOT_NAME': 'cial_test',
 'DOWNLOAD_DELAY': 3,
 'NEWSPIDER_MODULE': 'cial_test.spiders',
 'SPIDER_MODULES': ['cial_test.spiders'],
 'USER_AGENT': 'Mozilla/5.0 (Macintosh; Intel Mac OS X 10_10_5) '
               'AppleWebKit/537.36 (KHTML, like Gecko) Chrome/55.0.2883.95 '
               'Safari/537.36'}
INFO:scrapy.extensions.telnet:Telnet Password: dd6bb935da5ee230
INFO:scrapy.middleware:Enabled extensions:
['scrapy.extensions.logstats.LogStats',
 'scrapy.extensions.corestats.CoreStats',
 'scrapy.extensions.telnet.TelnetConsole']
INFO:scrapy.middleware:Enabled downloader middlewares:
['scrapy.downloadermiddlewares.httpauth.HttpAuthMiddleware',
 'scrapy.downloadermiddlewares.downloadtimeout.DownloadTimeoutMiddleware',
 'scrapy.downloadermiddlewares.defaultheaders.DefaultHeadersMiddleware',
 'scrapy.downloadermiddlewares.useragent.UserAgentMiddleware',
 'scrapy.downloadermiddlewares.retry.RetryMiddleware',
 'scrapy.downloadermiddlewares.redirect.MetaRefreshMiddleware',
 'scrapy.downloadermiddlewares.httpcompression.HttpCompressionMiddleware',
 'scrapy.downloadermiddlewares.redirect.RedirectMiddleware',
 'scrapy.downloadermiddlewares.cookies.CookiesMiddleware',
 'scrapy.downloadermiddlewares.httpproxy.HttpProxyMiddleware',
 'scrapy.downloadermiddlewares.stats.DownloaderStats']
INFO:scrapy.middleware:Enabled spider middlewares:
['scrapy.spidermiddlewares.httperror.HttpErrorMiddleware',
 'scrapy.spidermiddlewares.offsite.OffsiteMiddleware',
 'scrapy.spidermiddlewares.referer.RefererMiddleware',
 'scrapy.spidermiddlewares.urllength.UrlLengthMiddleware',
 'scrapy.spidermiddlewares.depth.DepthMiddleware']
INFO:scrapy.middleware:Enabled item pipelines:
['cial_test.pipelines.CialTestPipeline']
INFO:scrapy.core.engine:Spider opened
INFO:scrapy.extensions.logstats:Crawled 0 pages (at 0 pages/min), scraped 0 items (at 0 items/min)
INFO:scrapy.extensions.telnet:Telnet console listening on 127.0.0.1:6023
DEBUG:scrapy.core.engine:Crawled (200) <GET https://www.segurototal.com.br> (referer: None)
DEBUG:scrapy.core.scraper:Scraped from <200 https://www.segurototal.com.br>
{'logo': 'https://www.segurototal.com.br/logo/st-corretora-seguros.png',
 'phone': [],
 'website': 'https://www.segurototal.com.br'}
INFO:scrapy.core.engine:Closing spider (finished)
INFO:scrapy.statscollectors:Dumping Scrapy stats:
{'downloader/request_bytes': 308,
 'downloader/request_count': 1,
 'downloader/request_method_count/GET': 1,
 'downloader/response_bytes': 6925,
 'downloader/response_count': 1,
 'downloader/response_status_count/200': 1,
 'elapsed_time_seconds': 0.785301,
 'finish_reason': 'finished',
 'finish_time': datetime.datetime(2020, 12, 11, 14, 44, 42, 352899),
 'item_scraped_count': 1,
 'log_count/DEBUG': 2,
 'log_count/INFO': 10,
 'response_received_count': 1,
 'scheduler/dequeued': 1,
 'scheduler/dequeued/memory': 1,
 'scheduler/enqueued': 1,
 'scheduler/enqueued/memory': 1,
 'start_time': datetime.datetime(2020, 12, 11, 14, 44, 41, 567598)}
INFO:scrapy.core.engine:Spider closed (finished)
INFO:scrapy.crawler:Overridden settings:
{'BOT_NAME': 'cial_test',
 'DOWNLOAD_DELAY': 3,
 'NEWSPIDER_MODULE': 'cial_test.spiders',
 'SPIDER_MODULES': ['cial_test.spiders'],
 'USER_AGENT': 'Mozilla/5.0 (Macintosh; Intel Mac OS X 10_10_5) '
               'AppleWebKit/537.36 (KHTML, like Gecko) Chrome/55.0.2883.95 '
               'Safari/537.36'}
INFO:scrapy.extensions.telnet:Telnet Password: d12f47cbf90e809d
INFO:scrapy.middleware:Enabled extensions:
['scrapy.extensions.logstats.LogStats',
 'scrapy.extensions.corestats.CoreStats',
 'scrapy.extensions.telnet.TelnetConsole']
INFO:scrapy.middleware:Enabled downloader middlewares:
['scrapy.downloadermiddlewares.httpauth.HttpAuthMiddleware',
 'scrapy.downloadermiddlewares.downloadtimeout.DownloadTimeoutMiddleware',
 'scrapy.downloadermiddlewares.defaultheaders.DefaultHeadersMiddleware',
 'scrapy.downloadermiddlewares.useragent.UserAgentMiddleware',
 'scrapy.downloadermiddlewares.retry.RetryMiddleware',
 'scrapy.downloadermiddlewares.redirect.MetaRefreshMiddleware',
 'scrapy.downloadermiddlewares.httpcompression.HttpCompressionMiddleware',
 'scrapy.downloadermiddlewares.redirect.RedirectMiddleware',
 'scrapy.downloadermiddlewares.cookies.CookiesMiddleware',
 'scrapy.downloadermiddlewares.httpproxy.HttpProxyMiddleware',
 'scrapy.downloadermiddlewares.stats.DownloaderStats']
INFO:scrapy.middleware:Enabled spider middlewares:
['scrapy.spidermiddlewares.httperror.HttpErrorMiddleware',
 'scrapy.spidermiddlewares.offsite.OffsiteMiddleware',
 'scrapy.spidermiddlewares.referer.RefererMiddleware',
 'scrapy.spidermiddlewares.urllength.UrlLengthMiddleware',
 'scrapy.spidermiddlewares.depth.DepthMiddleware']
INFO:scrapy.middleware:Enabled item pipelines:
['cial_test.pipelines.CialTestPipeline']
INFO:scrapy.core.engine:Spider opened
INFO:scrapy.extensions.logstats:Crawled 0 pages (at 0 pages/min), scraped 0 items (at 0 items/min)
INFO:scrapy.extensions.telnet:Telnet console listening on 127.0.0.1:6023
DEBUG:scrapy.core.engine:Crawled (200) <GET https://www.illion.com.au> (referer: None)
DEBUG:scrapy.core.scraper:Scraped from <200 https://www.illion.com.au>
{'logo': 'https://www.illion.com.au/wp-content/uploads/2019/03/ion-rgb-gradient-64.png,https://www.illion.com.au/wp-content/uploads/2017/10/illion-icon-light.png,https://www.illion.com.au/wp-content/uploads/2019/03/ion-rgb-gradient-64.png,https://www.illion.com.au/wp-content/uploads/2017/10/illion-icon-light.png',
 'phone': [],
 'website': 'https://www.illion.com.au'}
INFO:scrapy.core.engine:Closing spider (finished)
INFO:scrapy.statscollectors:Dumping Scrapy stats:
{'downloader/request_bytes': 303,
 'downloader/request_count': 1,
 'downloader/request_method_count/GET': 1,
 'downloader/response_bytes': 18748,
 'downloader/response_count': 1,
 'downloader/response_status_count/200': 1,
 'elapsed_time_seconds': 2.103111,
 'finish_reason': 'finished',
 'finish_time': datetime.datetime(2020, 12, 11, 14, 44, 44, 515018),
 'item_scraped_count': 1,
 'log_count/DEBUG': 2,
 'log_count/INFO': 10,
 'response_received_count': 1,
 'scheduler/dequeued': 1,
 'scheduler/dequeued/memory': 1,
 'scheduler/enqueued': 1,
 'scheduler/enqueued/memory': 1,
 'start_time': datetime.datetime(2020, 12, 11, 14, 44, 42, 411907)}
INFO:scrapy.core.engine:Spider closed (finished)
INFO:scrapy.crawler:Overridden settings:
{'BOT_NAME': 'cial_test',
 'DOWNLOAD_DELAY': 3,
 'NEWSPIDER_MODULE': 'cial_test.spiders',
 'SPIDER_MODULES': ['cial_test.spiders'],
 'USER_AGENT': 'Mozilla/5.0 (Macintosh; Intel Mac OS X 10_10_5) '
               'AppleWebKit/537.36 (KHTML, like Gecko) Chrome/55.0.2883.95 '
               'Safari/537.36'}
INFO:scrapy.extensions.telnet:Telnet Password: 8c517135f1859adb
INFO:scrapy.middleware:Enabled extensions:
['scrapy.extensions.logstats.LogStats',
 'scrapy.extensions.corestats.CoreStats',
 'scrapy.extensions.telnet.TelnetConsole']
INFO:scrapy.middleware:Enabled downloader middlewares:
['scrapy.downloadermiddlewares.httpauth.HttpAuthMiddleware',
 'scrapy.downloadermiddlewares.downloadtimeout.DownloadTimeoutMiddleware',
 'scrapy.downloadermiddlewares.defaultheaders.DefaultHeadersMiddleware',
 'scrapy.downloadermiddlewares.useragent.UserAgentMiddleware',
 'scrapy.downloadermiddlewares.retry.RetryMiddleware',
 'scrapy.downloadermiddlewares.redirect.MetaRefreshMiddleware',
 'scrapy.downloadermiddlewares.httpcompression.HttpCompressionMiddleware',
 'scrapy.downloadermiddlewares.redirect.RedirectMiddleware',
 'scrapy.downloadermiddlewares.cookies.CookiesMiddleware',
 'scrapy.downloadermiddlewares.httpproxy.HttpProxyMiddleware',
 'scrapy.downloadermiddlewares.stats.DownloaderStats']
INFO:scrapy.middleware:Enabled spider middlewares:
['scrapy.spidermiddlewares.httperror.HttpErrorMiddleware',
 'scrapy.spidermiddlewares.offsite.OffsiteMiddleware',
 'scrapy.spidermiddlewares.referer.RefererMiddleware',
 'scrapy.spidermiddlewares.urllength.UrlLengthMiddleware',
 'scrapy.spidermiddlewares.depth.DepthMiddleware']
INFO:scrapy.middleware:Enabled item pipelines:
['cial_test.pipelines.CialTestPipeline']
INFO:scrapy.core.engine:Spider opened
INFO:scrapy.extensions.logstats:Crawled 0 pages (at 0 pages/min), scraped 0 items (at 0 items/min)
INFO:scrapy.extensions.telnet:Telnet console listening on 127.0.0.1:6023
DEBUG:scrapy.downloadermiddlewares.redirect:Redirecting (301) to <GET https://www.illion.com.au/contact-us/> from <GET https://www.illion.com.au/contact-us>
DEBUG:scrapy.core.engine:Crawled (200) <GET https://www.illion.com.au/contact-us/> (referer: None)
DEBUG:scrapy.core.scraper:Scraped from <200 https://www.illion.com.au/contact-us/>
{'logo': 'https://www.illion.com.au/wp-content/uploads/2019/03/ion-rgb-gradient-64.png,https://www.illion.com.au/wp-content/uploads/2017/10/illion-icon-light.png,https://www.illion.com.au/wp-content/uploads/2019/03/ion-rgb-gradient-64.png,https://www.illion.com.au/wp-content/uploads/2017/10/illion-icon-light.png',
 'phone': ['+61398283200', '+61871229452', '+64800836268'],
 'website': 'https://www.illion.com.au/contact-us/'}
INFO:scrapy.core.engine:Closing spider (finished)
INFO:scrapy.statscollectors:Dumping Scrapy stats:
{'downloader/request_bytes': 801,
 'downloader/request_count': 2,
 'downloader/request_method_count/GET': 2,
 'downloader/response_bytes': 14513,
 'downloader/response_count': 2,
 'downloader/response_status_count/200': 1,
 'downloader/response_status_count/301': 1,
 'elapsed_time_seconds': 5.424059,
 'finish_reason': 'finished',
 'finish_time': datetime.datetime(2020, 12, 11, 14, 44, 50, 27078),
 'item_scraped_count': 1,
 'log_count/DEBUG': 3,
 'log_count/INFO': 10,
 'response_received_count': 1,
 'scheduler/dequeued': 2,
 'scheduler/dequeued/memory': 2,
 'scheduler/enqueued': 2,
 'scheduler/enqueued/memory': 2,
 'start_time': datetime.datetime(2020, 12, 11, 14, 44, 44, 603019)}
INFO:scrapy.core.engine:Spider closed (finished)
INFO:scrapy.crawler:Overridden settings:
{'BOT_NAME': 'cial_test',
 'DOWNLOAD_DELAY': 3,
 'NEWSPIDER_MODULE': 'cial_test.spiders',
 'SPIDER_MODULES': ['cial_test.spiders'],
 'USER_AGENT': 'Mozilla/5.0 (Macintosh; Intel Mac OS X 10_10_5) '
               'AppleWebKit/537.36 (KHTML, like Gecko) Chrome/55.0.2883.95 '
               'Safari/537.36'}
INFO:scrapy.extensions.telnet:Telnet Password: 74d02249cdbc1ade
INFO:scrapy.middleware:Enabled extensions:
['scrapy.extensions.logstats.LogStats',
 'scrapy.extensions.corestats.CoreStats',
 'scrapy.extensions.telnet.TelnetConsole']
INFO:scrapy.middleware:Enabled downloader middlewares:
['scrapy.downloadermiddlewares.httpauth.HttpAuthMiddleware',
 'scrapy.downloadermiddlewares.downloadtimeout.DownloadTimeoutMiddleware',
 'scrapy.downloadermiddlewares.defaultheaders.DefaultHeadersMiddleware',
 'scrapy.downloadermiddlewares.useragent.UserAgentMiddleware',
 'scrapy.downloadermiddlewares.retry.RetryMiddleware',
 'scrapy.downloadermiddlewares.redirect.MetaRefreshMiddleware',
 'scrapy.downloadermiddlewares.httpcompression.HttpCompressionMiddleware',
 'scrapy.downloadermiddlewares.redirect.RedirectMiddleware',
 'scrapy.downloadermiddlewares.cookies.CookiesMiddleware',
 'scrapy.downloadermiddlewares.httpproxy.HttpProxyMiddleware',
 'scrapy.downloadermiddlewares.stats.DownloaderStats']
INFO:scrapy.middleware:Enabled spider middlewares:
['scrapy.spidermiddlewares.httperror.HttpErrorMiddleware',
 'scrapy.spidermiddlewares.offsite.OffsiteMiddleware',
 'scrapy.spidermiddlewares.referer.RefererMiddleware',
 'scrapy.spidermiddlewares.urllength.UrlLengthMiddleware',
 'scrapy.spidermiddlewares.depth.DepthMiddleware']
INFO:scrapy.middleware:Enabled item pipelines:
['cial_test.pipelines.CialTestPipeline']
INFO:scrapy.core.engine:Spider opened
INFO:scrapy.extensions.logstats:Crawled 0 pages (at 0 pages/min), scraped 0 items (at 0 items/min)
INFO:scrapy.extensions.telnet:Telnet console listening on 127.0.0.1:6023
DEBUG:scrapy.downloadermiddlewares.redirect:Redirecting (301) to <GET https://www.phosagro.com/contacts/> from <GET https://www.phosagro.com/contacts>
DEBUG:scrapy.core.engine:Crawled (200) <GET https://www.phosagro.com/contacts/> (referer: None)
DEBUG:scrapy.core.scraper:Scraped from <200 https://www.phosagro.com/contacts/>
{'logo': 'https://www.phosagro.com/local/templates/.default/img/logo_phosagro_en_white.svg,https://www.phosagro.com/local/templates/.default/img/logo_phosagro_en_rgb.svg',
 'phone': ['+13218110189',
           '+74952329689',
           '+74959561902',
           '+41417470370',
           '+74959560964',
           '+74959560965',
           '+18202593796',
           '+18153135201',
           '+18202592409',
           '+18202593757',
           '+18202555034',
           '+18453624872',
           '+18136364902',
           '+18136364040',
           '+35725247797',
           '+35725247790',
           '+33783878078',
           '+4940999993014',
           '+4940999993015',
           '+48222034500',
           '+381611856217',
           '+381114300060',
           '+18442372266',
           '+18442336595',
           '+18202594125',
           '+18202593127',
           '+18202650184',
           '+18202594365',
           '+18202593892',
           '+18202593340',
           '+18202593594',
           '+18312162290',
           '+18312162291',
           '+18652665551',
           '+18652665552',
           '+18652247334',
           '+18652247338',
           '+14752492591',
           '+14752492592',
           '+14752492593',
           '+40720138526',
           '+18632036500',
           '+18632036502',
           '+18632036507',
           '+74722321609',
           '+74722324283',
           '+27847701209',
           '+375173925648',
           '+551142806900',
           '+6566974560',
           '+18432020731',
           '+18432020748',
           '+74952313115',
           '+79296004642',
           '+78202593232',
           '+74952312747',
           '+79255862405',
           '+19107198965',
           '+73912180519',
           '+375445509924',
           '+18153155590',
           '+78202592409',
           '+74732008448',
           '+78153135388',
           '+78453494226',
           '+78202650191',
           '+78136342902',
           '+78312162290',
           '+77777777777',
           '+74232392882',
           '+73852556540',
           '+79628031813',
           '+390108698235'],
 'website': 'https://www.phosagro.com/contacts/'}
INFO:scrapy.core.engine:Closing spider (finished)
INFO:scrapy.statscollectors:Dumping Scrapy stats:
{'downloader/request_bytes': 621,
 'downloader/request_count': 2,
 'downloader/request_method_count/GET': 2,
 'downloader/response_bytes': 34950,
 'downloader/response_count': 2,
 'downloader/response_status_count/200': 1,
 'downloader/response_status_count/301': 1,
 'elapsed_time_seconds': 5.8289,
 'finish_reason': 'finished',
 'finish_time': datetime.datetime(2020, 12, 11, 14, 44, 55, 910979),
 'item_scraped_count': 1,
 'log_count/DEBUG': 3,
 'log_count/INFO': 10,
 'response_received_count': 1,
 'scheduler/dequeued': 2,
 'scheduler/dequeued/memory': 2,
 'scheduler/enqueued': 2,
 'scheduler/enqueued/memory': 2,
 'start_time': datetime.datetime(2020, 12, 11, 14, 44, 50, 82079)}
INFO:scrapy.core.engine:Spider closed (finished)
